<?xml version="1.0" encoding="UTF-8"?>
<!-- Generated by org.testng.reporters.JUnitXMLReporter -->
<testsuite ignored="0" hostname="DESKTOP-ENSDR7N" failures="0" tests="4" name="Default test" time="0.134" errors="0" timestamp="2025-12-23T09:43:40 IST">
  <testcase classname="testNG_Keywords.TestNGKeyword" name="testCase4" time="0.011"/>
  <testcase classname="testNG_Keywords.TestNGKeyword" name="testCase2" time="0.004"/>
  <testcase classname="testNG_Keywords.TestNGKeyword" name="testCase1" time="0.004"/>
  <testcase classname="testNG_Keywords.TestNGKeyword" name="testCase3" time="0.003"/>
</testsuite> <!-- Default test -->
