<?xml version="1.0" encoding="UTF-8"?>
<!-- Generated by org.testng.reporters.JUnitXMLReporter -->
<testsuite ignored="3" hostname="DESKTOP-ENSDR7N" failures="0" tests="1" name="Login Page Tests" time="0.086" errors="0" timestamp="2025-12-25T15:46:01 IST">
  <testcase classname="testNG_Keywords.Grouping1" name="HomePage" time="0.012"/>
  <testcase classname="testNG_Keywords.Grouping1" name="VerifyUsernameAndPassword" time="0.0">
    <ignored/>
  </testcase> <!-- VerifyUsernameAndPassword -->
  <testcase classname="testNG_Keywords.Grouping1" name="Dashboard2" time="0.0">
    <ignored/>
  </testcase> <!-- Dashboard2 -->
  <testcase classname="testNG_Keywords.Grouping1" name="Dashboard1" time="0.0">
    <ignored/>
  </testcase> <!-- Dashboard1 -->
</testsuite> <!-- Login Page Tests -->
