<?xml version="1.0" encoding="UTF-8"?>
<!-- Generated by org.testng.reporters.JUnitXMLReporter -->
<testsuite ignored="0" hostname="DESKTOP-ENSDR7N" failures="0" tests="3" name="Test" time="21.131" errors="0" timestamp="2025-12-29T17:00:11 IST">
  <testcase classname="parallelTesting.ParallelTesting" name="Demosite1" time="1.744"/>
  <testcase classname="parallelTesting.ParallelTesting" name="Demosite2" time="6.498"/>
  <testcase classname="parallelTesting.ParallelTesting" name="Youtube" time="5.85"/>
</testsuite> <!-- Test -->
