<?xml version="1.0" encoding="UTF-8"?>
<!-- Generated by org.testng.reporters.JUnitXMLReporter -->
<testsuite ignored="2" hostname="DESKTOP-ENSDR7N" failures="0" tests="2" name="Test" time="0.099" errors="0" timestamp="2025-12-24T07:11:58 IST">
  <testcase classname="testNG_Keywords.TestNGKeywords1" name="testCase2" time="0.015"/>
  <testcase classname="testNG_Keywords.TestNGKeywords1" name="testCase3" time="0.006"/>
  <testcase classname="testNG_Keywords.TestNGKeywords1" name="testCase4" time="0.0">
    <ignored/>
  </testcase> <!-- testCase4 -->
  <testcase classname="testNG_Keywords.TestNGKeywords1" name="testCase1" time="0.0">
    <ignored/>
  </testcase> <!-- testCase1 -->
</testsuite> <!-- Test -->
