<?xml version="1.0" encoding="UTF-8"?>
<testng-results ignored="2" total="4" passed="2" failed="0" skipped="0">
  <reporter-output>
  </reporter-output>
  <suite started-at="2025-12-24T07:11:58 IST" name="Suite" finished-at="2025-12-24T07:11:58 IST" duration-ms="99">
    <groups>
      <group name="Regression">
        <method signature="TestNGKeywords1.testCase2()[pri:0, instance:testNG_Keywords.TestNGKeywords1@7b98f307]" name="testCase2" class="testNG_Keywords.TestNGKeywords1"/>
        <method signature="TestNGKeywords1.testCase3()[pri:0, instance:testNG_Keywords.TestNGKeywords1@7b98f307]" name="testCase3" class="testNG_Keywords.TestNGKeywords1"/>
      </group> <!-- Regression -->
    </groups>
    <test started-at="2025-12-24T07:11:58 IST" name="Test" finished-at="2025-12-24T07:11:58 IST" duration-ms="99">
      <class name="testNG_Keywords.TestNGKeywords1">
        <test-method signature="testCase2()[pri:0, instance:testNG_Keywords.TestNGKeywords1@7b98f307]" started-at="2025-12-24T07:11:58 IST" name="testCase2" finished-at="2025-12-24T07:11:58 IST" duration-ms="15" status="PASS">
          <reporter-output>
          </reporter-output>
        </test-method> <!-- testCase2 -->
        <test-method signature="testCase3()[pri:0, instance:testNG_Keywords.TestNGKeywords1@7b98f307]" started-at="2025-12-24T07:11:58 IST" name="testCase3" finished-at="2025-12-24T07:11:58 IST" duration-ms="6" status="PASS">
          <reporter-output>
          </reporter-output>
        </test-method> <!-- testCase3 -->
      </class> <!-- testNG_Keywords.TestNGKeywords1 -->
    </test> <!-- Test -->
  </suite> <!-- Suite -->
</testng-results>
