<?xml version="1.0" encoding="UTF-8"?>
<testng-results ignored="0" total="3" passed="3" failed="0" skipped="0">
  <reporter-output>
  </reporter-output>
  <suite started-at="2025-12-29T16:59:50 IST" name="Suite" finished-at="2025-12-29T17:00:11 IST" duration-ms="21131">
    <groups>
    </groups>
    <test started-at="2025-12-29T16:59:50 IST" name="Test" finished-at="2025-12-29T17:00:11 IST" duration-ms="21131">
      <class name="parallelTesting.ParallelTesting">
        <test-method is-config="true" signature="setup()[pri:0, instance:parallelTesting.ParallelTesting@5fe94a96]" started-at="2025-12-29T16:59:50 IST" name="setup" finished-at="2025-12-29T16:59:52 IST" duration-ms="2626" status="PASS">
          <reporter-output>
          </reporter-output>
        </test-method> <!-- setup -->
        <test-method signature="Demosite1()[pri:0, instance:parallelTesting.ParallelTesting@5fe94a96]" started-at="2025-12-29T16:59:52 IST" name="Demosite1" finished-at="2025-12-29T16:59:54 IST" duration-ms="1744" status="PASS">
          <reporter-output>
          </reporter-output>
        </test-method> <!-- Demosite1 -->
        <test-method is-config="true" signature="tearDown()[pri:0, instance:parallelTesting.ParallelTesting@5fe94a96]" started-at="2025-12-29T16:59:54 IST" name="tearDown" finished-at="2025-12-29T16:59:54 IST" duration-ms="421" status="PASS">
          <reporter-output>
          </reporter-output>
        </test-method> <!-- tearDown -->
        <test-method is-config="true" signature="setup()[pri:0, instance:parallelTesting.ParallelTesting@5fe94a96]" started-at="2025-12-29T16:59:55 IST" name="setup" finished-at="2025-12-29T16:59:56 IST" duration-ms="1534" status="PASS">
          <reporter-output>
          </reporter-output>
        </test-method> <!-- setup -->
        <test-method signature="Demosite2()[pri:0, instance:parallelTesting.ParallelTesting@5fe94a96]" started-at="2025-12-29T16:59:56 IST" name="Demosite2" finished-at="2025-12-29T17:00:03 IST" duration-ms="6498" status="PASS">
          <reporter-output>
          </reporter-output>
        </test-method> <!-- Demosite2 -->
        <test-method is-config="true" signature="tearDown()[pri:0, instance:parallelTesting.ParallelTesting@5fe94a96]" started-at="2025-12-29T17:00:03 IST" name="tearDown" finished-at="2025-12-29T17:00:03 IST" duration-ms="381" status="PASS">
          <reporter-output>
          </reporter-output>
        </test-method> <!-- tearDown -->
        <test-method is-config="true" signature="setup()[pri:0, instance:parallelTesting.ParallelTesting@5fe94a96]" started-at="2025-12-29T17:00:03 IST" name="setup" finished-at="2025-12-29T17:00:04 IST" duration-ms="1432" status="PASS">
          <reporter-output>
          </reporter-output>
        </test-method> <!-- setup -->
        <test-method signature="Youtube()[pri:0, instance:parallelTesting.ParallelTesting@5fe94a96]" started-at="2025-12-29T17:00:04 IST" name="Youtube" finished-at="2025-12-29T17:00:10 IST" duration-ms="5850" status="PASS">
          <reporter-output>
          </reporter-output>
        </test-method> <!-- Youtube -->
        <test-method is-config="true" signature="tearDown()[pri:0, instance:parallelTesting.ParallelTesting@5fe94a96]" started-at="2025-12-29T17:00:10 IST" name="tearDown" finished-at="2025-12-29T17:00:11 IST" duration-ms="568" status="PASS">
          <reporter-output>
          </reporter-output>
        </test-method> <!-- tearDown -->
      </class> <!-- parallelTesting.ParallelTesting -->
    </test> <!-- Test -->
  </suite> <!-- Suite -->
</testng-results>
