<?xml version="1.0" encoding="UTF-8"?>
<!-- Generated by org.testng.reporters.JUnitReportReporter -->
<testsuite hostname="DESKTOP-ENSDR7N" failures="0" tests="2" name="testNG_Keywords.TestNGKeywords1" time="0.028" errors="0" timestamp="2025-12-26T07:31:23 IST" skipped="0">
  <testcase classname="testNG_Keywords.TestNGKeywords1" name="testCase2" time="0.019"/>
  <testcase classname="testNG_Keywords.TestNGKeywords1" name="testCase3" time="0.009"/>
</testsuite> <!-- testNG_Keywords.TestNGKeywords1 -->
