<?xml version="1.0" encoding="UTF-8"?>
<!-- Generated by org.testng.reporters.JUnitReportReporter -->
<testsuite hostname="DESKTOP-ENSDR7N" failures="0" tests="3" name="parallelTesting.LparallelTest1" time="8.519" errors="0" timestamp="2025-12-29T15:18:04 IST" skipped="0">
  <testcase classname="parallelTesting.LparallelTest1" name="testMethod3" time="3.269"/>
  <testcase classname="parallelTesting.LparallelTest1" name="testMethod2" time="2.638"/>
  <testcase classname="parallelTesting.LparallelTest1" name="testMethod1" time="2.612"/>
</testsuite> <!-- parallelTesting.LparallelTest1 -->
