<?xml version="1.0" encoding="UTF-8"?>
<!-- Generated by org.testng.reporters.JUnitReportReporter -->
<testsuite hostname="DESKTOP-ENSDR7N" failures="0" tests="4" name="testNG_Features.DependsOnMethods" time="0.026" errors="0" timestamp="2025-12-26T11:05:40 IST" skipped="0">
  <testcase classname="testNG_Features.DependsOnMethods" name="Admin" time="0.004"/>
  <testcase classname="testNG_Features.DependsOnMethods" name="LoginTest" time="0.015"/>
  <testcase classname="testNG_Features.DependsOnMethods" name="HomePage" time="0.004"/>
  <testcase classname="testNG_Features.DependsOnMethods" name="Recruitment" time="0.003"/>
</testsuite> <!-- testNG_Features.DependsOnMethods -->
