<?xml version="1.0" encoding="UTF-8"?>
<!-- Generated by org.testng.reporters.JUnitReportReporter -->
<testsuite hostname="DESKTOP-ENSDR7N" failures="0" tests="4" name="testNG_Features.ExpectedExceptions" time="0.028" errors="0" timestamp="2025-12-26T11:08:06 IST" skipped="0">
  <testcase classname="testNG_Features.ExpectedExceptions" name="Admin" time="0.003"/>
  <testcase classname="testNG_Features.ExpectedExceptions" name="LoginTest" time="0.017"/>
  <testcase classname="testNG_Features.ExpectedExceptions" name="HomePage" time="0.004"/>
  <testcase classname="testNG_Features.ExpectedExceptions" name="Recruitment" time="0.004"/>
</testsuite> <!-- testNG_Features.ExpectedExceptions -->
