<?xml version="1.0" encoding="UTF-8"?>
<!-- Generated by org.testng.reporters.JUnitReportReporter -->
<testsuite hostname="DESKTOP-ENSDR7N" failures="0" tests="2" name="testNG_Keywords.TestNGKeywords1" time="0.021" errors="0" timestamp="2025-12-24T07:11:58 IST" skipped="0">
  <testcase classname="testNG_Keywords.TestNGKeywords1" name="testCase2" time="0.015"/>
  <testcase classname="testNG_Keywords.TestNGKeywords1" name="testCase3" time="0.006"/>
</testsuite> <!-- testNG_Keywords.TestNGKeywords1 -->
