<?xml version="1.0" encoding="UTF-8"?>
<!-- Generated by org.testng.reporters.JUnitReportReporter -->
<testsuite hostname="DESKTOP-ENSDR7N" failures="0" tests="3" name="parallelTesting.ParallelTesting" time="21.054" errors="0" timestamp="2025-12-29T17:00:11 IST" skipped="0">
  <testcase classname="parallelTesting.ParallelTesting" name="Youtube" time="9.044"/>
  <testcase classname="parallelTesting.ParallelTesting" name="Demosite1" time="3.659"/>
  <testcase classname="parallelTesting.ParallelTesting" name="Demosite2" time="8.351"/>
</testsuite> <!-- parallelTesting.ParallelTesting -->
