<?xml version="1.0" encoding="UTF-8"?>
<!-- Generated by org.testng.reporters.JUnitReportReporter -->
<testsuite hostname="DESKTOP-ENSDR7N" failures="0" tests="2" name="testNG_Features.InvocationCount" time="0.016" errors="0" timestamp="2025-12-26T11:25:32 IST" skipped="1">
  <testcase classname="testNG_Features.InvocationCount" name="Admin" time="0.016"/>
  <testcase classname="testNG_Features.InvocationCount" name="Recruitment">
    <skipped/>
  </testcase> <!-- Recruitment -->
</testsuite> <!-- testNG_Features.InvocationCount -->
