<?xml version="1.0" encoding="UTF-8"?>
<!-- Generated by org.testng.reporters.JUnitReportReporter -->
<testsuite hostname="DESKTOP-ENSDR7N" failures="0" tests="4" name="testNG_Keywords.TestNGKeyword" time="0.035" errors="0" timestamp="2025-12-23T09:43:41 IST" skipped="0">
  <testcase classname="testNG_Keywords.TestNGKeyword" name="testCase4" time="0.013"/>
  <testcase classname="testNG_Keywords.TestNGKeyword" name="testCase2" time="0.006"/>
  <testcase classname="testNG_Keywords.TestNGKeyword" name="testCase1" time="0.009"/>
  <testcase classname="testNG_Keywords.TestNGKeyword" name="testCase3" time="0.007"/>
</testsuite> <!-- testNG_Keywords.TestNGKeyword -->
