<?xml version="1.0" encoding="UTF-8"?>
<!-- Generated by org.testng.reporters.JUnitReportReporter -->
<testsuite hostname="DESKTOP-ENSDR7N" failures="0" tests="4" name="testNG_Keywords.Grouping1" time="0.815" errors="0" timestamp="2025-12-25T15:46:34 IST" skipped="0">
  <testcase classname="testNG_Keywords.Grouping1" name="Dashboard2" time="0.005"/>
  <testcase classname="testNG_Keywords.Grouping1" name="VerifyUsernameAndPassword" time="0.799"/>
  <testcase classname="testNG_Keywords.Grouping1" name="HomePage" time="0.003"/>
  <testcase classname="testNG_Keywords.Grouping1" name="Dashboard1" time="0.008"/>
</testsuite> <!-- testNG_Keywords.Grouping1 -->
