<?xml version="1.0" encoding="UTF-8"?>
<!-- Generated by org.testng.reporters.JUnitReportReporter -->
<testsuite hostname="DESKTOP-ENSDR7N" failures="0" tests="2" name="testNG_Features.TestNGKeywords1" time="0.017" errors="0" timestamp="2025-12-26T10:48:04 IST" skipped="0">
  <testcase classname="testNG_Features.TestNGKeywords1" name="testCase2" time="0.013"/>
  <testcase classname="testNG_Features.TestNGKeywords1" name="testCase3" time="0.004"/>
</testsuite> <!-- testNG_Features.TestNGKeywords1 -->
