<?xml version="1.0" encoding="UTF-8"?>
<!-- Generated by org.testng.reporters.JUnitReportReporter -->
<testsuite hostname="DESKTOP-ENSDR7N" failures="0" tests="5" name="testNG_Keywords.TestNG_Enable" time="6.670" errors="0" timestamp="2025-12-26T10:45:54 IST" skipped="1">
  <testcase classname="testNG_Keywords.TestNG_Enable" name="Dashboard1" time="3.377"/>
  <testcase classname="testNG_Keywords.TestNG_Enable" name="HomePage" time="0.647"/>
  <testcase classname="testNG_Keywords.TestNG_Enable" name="Dashboard2" time="0.512"/>
  <testcase classname="testNG_Keywords.TestNG_Enable" name="Logo" time="2.134"/>
  <testcase classname="testNG_Keywords.TestNG_Enable" name="VerifyUsernameAndPassword">
    <skipped/>
  </testcase> <!-- VerifyUsernameAndPassword -->
</testsuite> <!-- testNG_Keywords.TestNG_Enable -->
