<?xml version="1.0" encoding="UTF-8"?>
<!-- Generated by org.testng.reporters.JUnitReportReporter -->
<testsuite hostname="DESKTOP-ENSDR7N" failures="0" tests="4" name="testNG_DataProvider.DATAProvider" time="6.802" errors="0" timestamp="2025-12-29T08:36:39 IST" skipped="0">
  <testcase classname="testNG_DataProvider.DATAProvider" name="LoginTest" time="1.545"/>
  <testcase classname="testNG_DataProvider.DATAProvider" name="LoginTest" time="0.995"/>
  <testcase classname="testNG_DataProvider.DATAProvider" name="LoginTest" time="2.254"/>
  <testcase classname="testNG_DataProvider.DATAProvider" name="LoginTest" time="2.008"/>
</testsuite> <!-- testNG_DataProvider.DATAProvider -->
