<?xml version="1.0" encoding="UTF-8"?>
<!-- Generated by org.testng.reporters.JUnitReportReporter -->
<testsuite hostname="DESKTOP-ENSDR7N" failures="0" tests="4" name="testNG_Keywords.TestNGKeywords" time="0.066" errors="0" timestamp="2025-12-23T14:02:00 IST" skipped="0">
  <testcase classname="testNG_Keywords.TestNGKeywords" name="testCase4" time="0.018"/>
  <testcase classname="testNG_Keywords.TestNGKeywords" name="testCase2" time="0.018"/>
  <testcase classname="testNG_Keywords.TestNGKeywords" name="testCase1" time="0.010"/>
  <testcase classname="testNG_Keywords.TestNGKeywords" name="testCase3" time="0.020"/>
</testsuite> <!-- testNG_Keywords.TestNGKeywords -->
